mint-library/build/intermediates/manifest_merge_blame_file/debug/processDebugManifest/manifest-merger-blame-debug-report.txt
1<?xml version="1.0" encoding="utf-8"?>
2<manifest xmlns:android="http://schemas.android.com/apk/res/android"
3    xmlns:tools="http://schemas.android.com/tools"
4    package="com.akustom15.mint.library" >
5
6    <uses-sdk android:minSdkVersion="29" />
7
8    <uses-permission android:name="android.permission.INTERNET" />
8-->src\main\AndroidManifest.xml:5:5-67
8-->src\main\AndroidManifest.xml:5:22-64
9    <uses-permission android:name="android.permission.ACCESS_NETWORK_STATE" />
9-->src\main\AndroidManifest.xml:6:5-79
9-->src\main\AndroidManifest.xml:6:22-76
10    <uses-permission android:name="android.permission.SET_WALLPAPER" />
10-->src\main\AndroidManifest.xml:7:5-72
10-->src\main\AndroidManifest.xml:7:22-69
11    <uses-permission android:name="android.permission.VIBRATE" />
11-->src\main\AndroidManifest.xml:8:5-66
11-->src\main\AndroidManifest.xml:8:22-63
12    <uses-permission android:name="android.permission.POST_NOTIFICATIONS" />
12-->src\main\AndroidManifest.xml:9:5-77
12-->src\main\AndroidManifest.xml:9:22-74
13
14    <!-- Query para detectar launchers y KWGT/KLWP -->
15    <queries>
15-->src\main\AndroidManifest.xml:12:5-21:15
16        <intent>
16-->src\main\AndroidManifest.xml:13:9-16:18
17            <action android:name="android.intent.action.MAIN" />
17-->src\main\AndroidManifest.xml:14:13-65
17-->src\main\AndroidManifest.xml:14:21-62
18
19            <category android:name="android.intent.category.LAUNCHER" />
19-->src\main\AndroidManifest.xml:15:13-73
19-->src\main\AndroidManifest.xml:15:23-70
20        </intent>
21
22        <package android:name="org.kustom.widget" />
22-->src\main\AndroidManifest.xml:17:9-53
22-->src\main\AndroidManifest.xml:17:18-50
23        <package android:name="org.kustom.widget.pro" />
23-->src\main\AndroidManifest.xml:18:9-57
23-->src\main\AndroidManifest.xml:18:18-54
24        <package android:name="org.kustom.wallpaper" />
24-->src\main\AndroidManifest.xml:19:9-56
24-->src\main\AndroidManifest.xml:19:18-53
25        <package android:name="org.kustom.wallpaper.pro" />
25-->src\main\AndroidManifest.xml:20:9-60
25-->src\main\AndroidManifest.xml:20:18-57
26    </queries>
27
28    <application>
28-->src\main\AndroidManifest.xml:23:5-93:19
29
30        <!--
31             Official Kustom API Provider — makes the app discoverable by KWGT/KLWP
32             in "Installed packs". Serves .kwgt/.klwp files from assets/widgets/.
33             Authority MUST be ${applicationId} for kfile:// URI scheme to work.
34        -->
35        <provider
35-->src\main\AndroidManifest.xml:27:9-38:20
36            android:name="org.kustom.api.Provider"
36-->src\main\AndroidManifest.xml:28:13-51
37            android:authorities="${applicationId}"
37-->src\main\AndroidManifest.xml:29:13-51
38            android:exported="true"
38-->src\main\AndroidManifest.xml:30:13-36
39            tools:ignore="ExportedContentProvider" >
39-->src\main\AndroidManifest.xml:31:13-51
40            <intent-filter>
40-->src\main\AndroidManifest.xml:32:13-37:29
41                <action android:name="org.kustom.provider.WIDGETS" />
41-->src\main\AndroidManifest.xml:33:17-70
41-->src\main\AndroidManifest.xml:33:25-67
42                <action android:name="org.kustom.provider.WALLPAPERS" />
42-->src\main\AndroidManifest.xml:34:17-73
42-->src\main\AndroidManifest.xml:34:25-70
43                <action android:name="org.kustom.provider.KOMPONENTS" />
43-->src\main\AndroidManifest.xml:35:17-73
43-->src\main\AndroidManifest.xml:35:25-70
44                <action android:name="org.kustom.provider.LOCKSCREENS" />
44-->src\main\AndroidManifest.xml:36:17-74
44-->src\main\AndroidManifest.xml:36:25-71
45            </intent-filter>
46        </provider>
47
48        <!--
49             Push notifications (FCM) — shared by every consumer icon pack.
50             Registered here so apps don't need to declare it themselves.
51        -->
52        <service
52-->src\main\AndroidManifest.xml:42:9-48:19
53            android:name="com.akustom15.mint.library.notifications.MintMessagingService"
53-->src\main\AndroidManifest.xml:43:13-89
54            android:exported="false" >
54-->src\main\AndroidManifest.xml:44:13-37
55            <intent-filter>
55-->src\main\AndroidManifest.xml:45:13-47:29
56                <action android:name="com.google.firebase.MESSAGING_EVENT" />
56-->src\main\AndroidManifest.xml:46:17-78
56-->src\main\AndroidManifest.xml:46:25-75
57            </intent-filter>
58        </service>
59
60        <meta-data
60-->src\main\AndroidManifest.xml:50:9-53:48
61            android:name="com.google.firebase.messaging.default_notification_icon"
61-->src\main\AndroidManifest.xml:51:13-83
62            android:resource="@drawable/mint_ic_notification"
62-->src\main\AndroidManifest.xml:52:13-62
63            tools:replace="android:resource" />
63-->src\main\AndroidManifest.xml:53:13-45
64        <meta-data
64-->src\main\AndroidManifest.xml:54:9-57:45
65            android:name="com.google.firebase.messaging.default_notification_channel_id"
65-->src\main\AndroidManifest.xml:55:13-89
66            android:value="mint_push_channel"
66-->src\main\AndroidManifest.xml:56:13-46
67            tools:replace="android:value" />
67-->src\main\AndroidManifest.xml:57:13-42
68
69        <!-- Icon Picker Activity (for Nova CUSTOM_ICON_PICKER, Lawnchair, Kustom) -->
70        <activity
70-->src\main\AndroidManifest.xml:60:9-92:20
71            android:name="com.akustom15.mint.library.ui.screens.icons.MintIconPickerActivity"
71-->src\main\AndroidManifest.xml:61:13-94
72            android:exported="true"
72-->src\main\AndroidManifest.xml:62:13-36
73            android:theme="@android:style/Theme.Translucent.NoTitleBar" >
73-->src\main\AndroidManifest.xml:63:13-72
74            <intent-filter android:priority="-1" >
74-->src\main\AndroidManifest.xml:65:13-68:29
74-->src\main\AndroidManifest.xml:65:28-49
75                <action android:name="com.novalauncher.THEME" />
75-->src\main\AndroidManifest.xml:66:17-65
75-->src\main\AndroidManifest.xml:66:25-62
76
77                <category android:name="com.novalauncher.category.CUSTOM_ICON_PICKER" />
77-->src\main\AndroidManifest.xml:67:17-89
77-->src\main\AndroidManifest.xml:67:27-86
78            </intent-filter>
79            <intent-filter>
79-->src\main\AndroidManifest.xml:69:13-72:29
80                <action android:name="com.teslacoilsw.launcher.action.PICK_ICON" />
80-->src\main\AndroidManifest.xml:70:17-84
80-->src\main\AndroidManifest.xml:70:25-81
81
82                <category android:name="android.intent.category.DEFAULT" />
82-->src\main\AndroidManifest.xml:71:17-76
82-->src\main\AndroidManifest.xml:71:27-73
83            </intent-filter>
84            <intent-filter>
84-->src\main\AndroidManifest.xml:73:13-76:29
85                <action android:name="android.intent.action.CREATE_SHORTCUT" />
85-->src\main\AndroidManifest.xml:74:17-80
85-->src\main\AndroidManifest.xml:74:25-77
86
87                <category android:name="android.intent.category.DEFAULT" />
87-->src\main\AndroidManifest.xml:71:17-76
87-->src\main\AndroidManifest.xml:71:27-73
88            </intent-filter>
89            <intent-filter>
89-->src\main\AndroidManifest.xml:77:13-80:29
90                <action android:name="ch.deletescape.lawnchair.ICONPACK" />
90-->src\main\AndroidManifest.xml:78:17-76
90-->src\main\AndroidManifest.xml:78:25-73
91
92                <category android:name="ch.deletescape.lawnchair.PICK" />
92-->src\main\AndroidManifest.xml:79:17-74
92-->src\main\AndroidManifest.xml:79:27-71
93            </intent-filter>
94            <intent-filter>
94-->src\main\AndroidManifest.xml:81:13-85:29
95                <action android:name="android.intent.action.PICK" />
95-->src\main\AndroidManifest.xml:82:17-69
95-->src\main\AndroidManifest.xml:82:25-66
96
97                <category android:name="android.intent.category.DEFAULT" />
97-->src\main\AndroidManifest.xml:71:17-76
97-->src\main\AndroidManifest.xml:71:27-73
98
99                <data android:mimeType="image/*" />
99-->src\main\AndroidManifest.xml:84:17-52
99-->src\main\AndroidManifest.xml:84:23-49
100            </intent-filter>
101            <intent-filter>
101-->src\main\AndroidManifest.xml:86:13-91:29
102                <action android:name="android.intent.action.GET_CONTENT" />
102-->src\main\AndroidManifest.xml:87:17-76
102-->src\main\AndroidManifest.xml:87:25-73
103
104                <category android:name="android.intent.category.DEFAULT" />
104-->src\main\AndroidManifest.xml:71:17-76
104-->src\main\AndroidManifest.xml:71:27-73
105                <category android:name="android.intent.category.OPENABLE" />
105-->src\main\AndroidManifest.xml:89:17-77
105-->src\main\AndroidManifest.xml:89:27-74
106
107                <data android:mimeType="image/*" />
107-->src\main\AndroidManifest.xml:84:17-52
107-->src\main\AndroidManifest.xml:84:23-49
108            </intent-filter>
109        </activity>
110    </application>
111
112</manifest>